<?xml version="1.0" encoding="UTF-8"?>
<testng-results skipped="0" failed="0" total="2" passed="2">
  <reporter-output>
  </reporter-output>
  <suite name="Command line suite" duration-ms="63384" started-at="2016-04-13T05:18:25Z" finished-at="2016-04-13T05:19:29Z">
    <groups>
    </groups>
    <test name="Command line test" duration-ms="63384" started-at="2016-04-13T05:18:25Z" finished-at="2016-04-13T05:19:29Z">
      <class name="Test">
        <test-method status="PASS" signature="main()[pri:0, instance:Test@96532d6]" name="main" duration-ms="39354" started-at="2016-04-13T09:18:49Z" finished-at="2016-04-13T09:19:29Z">
          <reporter-output>
          </reporter-output>
        </test-method> <!-- main -->
      </class> <!-- Test -->
      <class name="NewTest">
        <test-method status="PASS" signature="testing()[pri:0, instance:NewTest@2812cbfa]" name="testing" duration-ms="24020" started-at="2016-04-13T09:18:25Z" finished-at="2016-04-13T09:18:49Z">
          <reporter-output>
          </reporter-output>
        </test-method> <!-- testing -->
      </class> <!-- NewTest -->
    </test> <!-- Command line test -->
  </suite> <!-- Command line suite -->
</testng-results>
